<?xml version="1.0" encoding="UTF-8"?>
<testng-results ignored="0" total="1" passed="1" failed="0" skipped="0">
  <reporter-output>
  </reporter-output>
  <suite started-at="2021-02-13T01:34:42Z" name="POM_SELENIUM" finished-at="2021-02-13T01:34:58Z" duration-ms="16556">
    <groups>
    </groups>
    <test started-at="2021-02-13T01:34:42Z" name="Zoho Login Test" finished-at="2021-02-13T01:34:58Z" duration-ms="16556">
      <class name="com.w2a.testcases.LoginTest">
        <test-method signature="loginTest()[pri:0, instance:com.w2a.testcases.LoginTest@7a24eb3]" started-at="2021-02-13T07:04:42Z" name="loginTest" finished-at="2021-02-13T07:04:58Z" duration-ms="16358" status="PASS">
          <reporter-output>
          </reporter-output>
        </test-method> <!-- loginTest -->
      </class> <!-- com.w2a.testcases.LoginTest -->
    </test> <!-- Zoho Login Test -->
  </suite> <!-- POM_SELENIUM -->
</testng-results>
