<?xml version="1.0" encoding="UTF-8"?>
<testng-results ignored="0" total="2" passed="2" failed="0" skipped="0">
  <reporter-output>
  </reporter-output>
  <suite started-at="2021-02-15T10:12:23Z" name="POM_SELENIUM" finished-at="2021-02-15T10:13:03Z" duration-ms="39542">
    <groups>
    </groups>
    <test started-at="2021-02-15T10:12:23Z" name="Zoho Login Test" finished-at="2021-02-15T10:12:33Z" duration-ms="9931">
      <class name="com.w2a.testcases.LoginTest">
        <test-method signature="loginTest(java.util.Hashtable)[pri:0, instance:com.w2a.testcases.LoginTest@66c83fc8]" started-at="2021-02-15T15:42:23Z" name="loginTest" data-provider="dp" finished-at="2021-02-15T15:42:33Z" duration-ms="9676" status="PASS">
          <params>
            <param index="0">
              <value>
                <![CDATA[{mailid=sushanth.uv@gmail.com, runmode=Y, pwd=aditI@123}]]>
              </value>
            </param>
          </params>
          <reporter-output>
          </reporter-output>
        </test-method> <!-- loginTest -->
      </class> <!-- com.w2a.testcases.LoginTest -->
    </test> <!-- Zoho Login Test -->
    <test started-at="2021-02-15T10:12:33Z" name="Zoho Customer Account Test" finished-at="2021-02-15T10:13:03Z" duration-ms="29577">
      <class name="com.w2a.testcases.CreateAccountTest">
        <test-method signature="createAccountTest(java.util.Hashtable)[pri:0, instance:com.w2a.testcases.CreateAccountTest@7cab1508]" started-at="2021-02-15T15:42:33Z" name="createAccountTest" data-provider="dp" finished-at="2021-02-15T15:43:03Z" duration-ms="29519" status="PASS">
          <params>
            <param index="0">
              <value>
                <![CDATA[{accountname=Srikanth, runmode=N}]]>
              </value>
            </param>
          </params>
          <reporter-output>
          </reporter-output>
        </test-method> <!-- createAccountTest -->
      </class> <!-- com.w2a.testcases.CreateAccountTest -->
    </test> <!-- Zoho Customer Account Test -->
  </suite> <!-- POM_SELENIUM -->
</testng-results>
